Flutter crash report.
Please report a bug at https://github.com/flutter/flutter/issues.

## command

flutter --no-color run --machine --device-id=32a2fcc9 --profile --dart-define=flutter.inspector.structuredErrors=true lib\main.dart

## exception

String: failed to connect to http://127.0.0.1:63638/wwKYvmRdb0k=/

```
```

## flutter doctor

```
[✓] Flutter (Channel stable, 3.3.9, on Microsoft Windows [Version 10.0.19045.3930], locale en-US)
    • Flutter version 3.3.9 on channel stable at C:\flutter
    • Upstream repository https://github.com/flutter/flutter.git
    • Framework revision b8f7f1f986 (1 year, 2 months ago), 2022-11-23 06:43:51 +0900
    • Engine revision 8f2221fbef
    • Dart version 2.18.5
    • DevTools version 2.15.0

[✓] Android toolchain - develop for Android devices (Android SDK version 33.0.2)
    • Android SDK at C:/Users/beko/AppData/Local/Android/Sdk
    • Platform android-33, build-tools 33.0.2
    • ANDROID_HOME = C:/Users/beko/AppData/Local/Android/Sdk
    • Java binary at: C:\Program Files\Android\Android Studio\jbr\bin\java
    • Java version OpenJDK Runtime Environment (build 17.0.6+0-b2043.56-9586694)
    • All Android licenses accepted.

[✓] Chrome - develop for the web
    • Chrome at C:\Program Files (x86)\Google\Chrome\Application\chrome.exe

[✓] Visual Studio - develop for Windows (Visual Studio Community 2022 17.8.5)
    • Visual Studio at C:\Program Files\Microsoft Visual Studio\2022\Community
    • Visual Studio Community 2022 version 17.8.34511.84
    • Windows 10 SDK version 10.0.22000.0

[!] Android Studio (version 2022.2)
    • Android Studio at C:\Program Files\Android\Android Studio
    • Flutter plugin can be installed from:
      🔨 https://plugins.jetbrains.com/plugin/9212-flutter
    • Dart plugin can be installed from:
      🔨 https://plugins.jetbrains.com/plugin/6351-dart
    ✗ Unable to find bundled Java version.
    • Try updating or re-installing Android Studio.

[✓] VS Code (version 1.85.2)
    • VS Code at C:\Users\beko\AppData\Local\Programs\Microsoft VS Code
    • Flutter extension version 3.80.0

[✓] Connected device (4 available)
    • SM N9005 (mobile) • 32a2fcc9 • android-arm    • Android 5.0 (API 21)
    • Windows (desktop) • windows  • windows-x64    • Microsoft Windows [Version 10.0.19045.3930]
    • Chrome (web)      • chrome   • web-javascript • Google Chrome 121.0.6167.87
    • Edge (web)        • edge     • web-javascript • Microsoft Edge 121.0.2277.83

[!] HTTP Host Availability
    ✗ HTTP host "https://cocoapods.org/" is not reachable. Reason: An error occurred while checking the HTTP host: Failed host lookup: 'cocoapods.org'
    ✗ HTTP host "https://maven.google.com/" is not reachable. Reason: An error occurred while checking the HTTP host: Failed host lookup: 'maven.google.com'
    ✗ HTTP host "https://pub.dev/" is not reachable. Reason: An error occurred while checking the HTTP host: Failed host lookup: 'pub.dev'
    ✗ HTTP host "https://cloud.google.com/" is not reachable. Reason: An error occurred while checking the HTTP host: Failed host lookup: 'cloud.google.com'

! Doctor found issues in 2 categories.
```
